http request/response log (time=1365422785)

http request/response log (time=1365422784)

----------------------------------------------------------

request 1 method: POST
request 1 uri: http://130.246.152.241:8080/geant2-java-rrd-ma/services/MeasurementArchiveService
request 1 head: 'user-agent : SOAP::Lite/Perl/0.68
soapaction : 
content-type : text/xml; charset=utf-8
accept : text/xml multipart/* application/soap
content-length : 5320
'
request 1 ontent: '<?xml version="1.0" encoding="UTF-8"?>
<soap:Envelope 
    xmlns:xsi="http://www.w3.org/2001/XMLSchema-instance" 
    xmlns:soapenc="http://schemas.xmlsoap.org/soap/encoding/" 
    xmlns:xsd="http://www.w3.org/2001/XMLSchema" 
    soap:encodingStyle="http://schemas.xmlsoap.org/soap/encoding/" 
    xmlns:soap="http://schemas.xmlsoap.org/soap/envelope/">
  <soap:Body>
    <nmwg:message xmlns:nmwg="http://ggf.org/ns/nmwg/base/2.0/" xmlns:nmwgt="http://ggf.org/ns/nmwg/topology/2.0/" xmlns:snmp="http://ggf.org/ns/nmwg/characteristic/snmp/2.0/" xmlns:discards="http://ggf.org/ns/nmwg/characteristic/discards/2.0/" xmlns:errors="http://ggf.org/ns/nmwg/characteristic/errors/2.0/" type="SetupDataRequest" xmlns:netutil="http://ggf.org/ns/nmwg/characteristic/utilization/2.0/" xmlns:select="http://ggf.org/ns/nmwg/ops/select/2.0/">
      <nmwg:metadata id="metadata1">
        <errors:subject id="subject1">
          <nmwgt:interface>
            <nmwgt:ifName>Slot 7, Port 3</nmwgt:ifName>

            <nmwgt:ifAddress type="ipv4">192.16.166.66</nmwgt:ifAddress>

            <nmwgt:direction>in</nmwgt:direction>
          </nmwgt:interface>
        </errors:subject>

        <nmwg:eventType>http://ggf.org/ns/nmwg/characteristic/errors/2.0</nmwg:eventType>
      </nmwg:metadata>

      <nmwg:metadata id="metadata1-2">
        <select:subject metadataIdRef="metadata1" id="subject1-2" />
        
        <nmwg:eventType>http://ggf.org/ns/nmwg/ops/select/2.0</nmwg:eventType>

        <select:parameters id="param1-2">
          <nmwg:parameter name="startTime">1365422100</nmwg:parameter>

          <nmwg:parameter name="endTime">1365422400</nmwg:parameter>

          <nmwg:parameter value="AVERAGE" name="consolidationFunction" />
          
          <nmwg:parameter value="300" name="resolution" />
                  </select:parameters>
      </nmwg:metadata>

      <nmwg:data metadataIdRef="metadata1-2" id="data1" />
      
      <nmwg:metadata id="metadata2">
        <errors:subject id="subject2">
          <nmwgt:interface>
            <nmwgt:ifName>Slot 7, Port 3</nmwgt:ifName>

            <nmwgt:ifAddress type="ipv4">192.16.166.66</nmwgt:ifAddress>

            <nmwgt:direction>out</nmwgt:direction>
          </nmwgt:interface>
        </errors:subject>

        <nmwg:eventType>http://ggf.org/ns/nmwg/characteristic/errors/2.0</nmwg:eventType>
      </nmwg:metadata>

      <nmwg:metadata id="metadata2-2">
        <select:subject metadataIdRef="metadata2" id="subject2-2" />
        
        <nmwg:eventType>http://ggf.org/ns/nmwg/ops/select/2.0</nmwg:eventType>

        <select:parameters id="param2-2">
          <nmwg:parameter name="startTime">1365422100</nmwg:parameter>

          <nmwg:parameter name="endTime">1365422400</nmwg:parameter>

          <nmwg:parameter value="AVERAGE" name="consolidationFunction" />
          
          <nmwg:parameter value="300" name="resolution" />
                  </select:parameters>
      </nmwg:metadata>

      <nmwg:data metadataIdRef="metadata2-2" id="data2" />
      
      <nmwg:metadata id="metadata3">
        <errors:subject id="subject3">
          <nmwgt:interface>
            <nmwgt:ifName>Slot 3, Port 3</nmwgt:ifName>

            <nmwgt:ifAddress type="ipv4">192.16.166.142</nmwgt:ifAddress>

            <nmwgt:direction>in</nmwgt:direction>
          </nmwgt:interface>
        </errors:subject>

        <nmwg:eventType>http://ggf.org/ns/nmwg/characteristic/errors/2.0</nmwg:eventType>
      </nmwg:metadata>

      <nmwg:metadata id="metadata3-2">
        <select:subject metadataIdRef="metadata3" id="subject3-2" />
        
        <nmwg:eventType>http://ggf.org/ns/nmwg/ops/select/2.0</nmwg:eventType>

        <select:parameters id="param3-2">
          <nmwg:parameter name="startTime">1365422100</nmwg:parameter>

          <nmwg:parameter name="endTime">1365422400</nmwg:parameter>

          <nmwg:parameter value="AVERAGE" name="consolidationFunction" />
          
          <nmwg:parameter value="300" name="resolution" />
                  </select:parameters>
      </nmwg:metadata>

      <nmwg:data metadataIdRef="metadata3-2" id="data3" />
      
      <nmwg:metadata id="metadata4">
        <errors:subject id="subject4">
          <nmwgt:interface>
            <nmwgt:ifName>Slot 3, Port 3</nmwgt:ifName>

            <nmwgt:ifAddress type="ipv4">192.16.166.142</nmwgt:ifAddress>

            <nmwgt:direction>out</nmwgt:direction>
          </nmwgt:interface>
        </errors:subject>

        <nmwg:eventType>http://ggf.org/ns/nmwg/characteristic/errors/2.0</nmwg:eventType>
      </nmwg:metadata>

      <nmwg:metadata id="metadata4-2">
        <select:subject metadataIdRef="metadata4" id="subject4-2" />
        
        <nmwg:eventType>http://ggf.org/ns/nmwg/ops/select/2.0</nmwg:eventType>

        <select:parameters id="param4-2">
          <nmwg:parameter name="startTime">1365422100</nmwg:parameter>

          <nmwg:parameter name="endTime">1365422400</nmwg:parameter>

          <nmwg:parameter value="AVERAGE" name="consolidationFunction" />
          
          <nmwg:parameter value="300" name="resolution" />
                  </select:parameters>
      </nmwg:metadata>

      <nmwg:data metadataIdRef="metadata4-2" id="data4" />
          </nmwg:message>
  </soap:Body>
</soap:Envelope>
'

response 1 code: 200
response 1 msg: 'OK'
response 1 header: 'client-date : Mon, 08 Apr 2013 12:06:24 GMT
connection : close
content-type : text/xml;charset=utf-8
client-response-num : 1
date : Mon, 08 Apr 2013 12:06:23 GMT
client-peer : 130.246.152.241:8080
server : Apache-Coyote/1.1
'
response 1 content: '<?xml version="1.0" encoding="utf-8"?><soapenv:Envelope xmlns:soapenv="http://schemas.xmlsoap.org/soap/envelope/" xmlns:xsd="http://www.w3.org/2001/XMLSchema" xmlns:xsi="http://www.w3.org/2001/XMLSchema-instance"><soapenv:Body><nmwg:message id="perfsonar-pri.gridpp.rl.ac.uk.-14377c34:13de8372c1c:-167b_resp" messageIdRef="perfsonar-pri.gridpp.rl.ac.uk.-14377c34:13de8372c1c:-167b" type="SetupDataResponse" xmlns:nmwg="http://ggf.org/ns/nmwg/base/2.0/"><nmwg:metadata id="resultCodeMetadata_2"><nmwg:eventType>warning.ma.metadata_configuration</nmwg:eventType></nmwg:metadata><nmwg:metadata id="meta6_3"><errors:subject id="subj6" xmlns:errors="http://ggf.org/ns/nmwg/characteristic/errors/2.0/"><nmwgt:interface xmlns:nmwgt="http://ggf.org/ns/nmwg/topology/2.0/"><nmwgt:hostName>192.100.78.89</nmwgt:hostName><nmwgt:ifName>Slot 3, Port 3</nmwgt:ifName><nmwgt:ifDescription>Port 3/3 Name CERN OPN Link 2</nmwgt:ifDescription><nmwgt:ifAddress type="ipv4">192.16.166.142</nmwgt:ifAddress><nmwgt:ifIndex>194</nmwgt:ifIndex><nmwgt:direction>in</nmwgt:direction><nmwgt:capacity>10000000000</nmwgt:capacity></nmwgt:interface></errors:subject><nmwg:parameters id="perfsonar-pri.gridpp.rl.ac.uk.-14377c34:13de8372c1c:-162d"><nmwg:parameter name="keyword">project:LHC-OPN</nmwg:parameter></nmwg:parameters><nmwg:eventType>http://ggf.org/ns/nmwg/characteristic/errors/2.0</nmwg:eventType></nmwg:metadata><nmwg:metadata id="resultCodeMetadata_1"><nmwg:eventType>warning.ma.metadata_configuration</nmwg:eventType></nmwg:metadata><nmwg:metadata id="meta8_0"><errors:subject id="subj8" xmlns:errors="http://ggf.org/ns/nmwg/characteristic/errors/2.0/"><nmwgt:interface xmlns:nmwgt="http://ggf.org/ns/nmwg/topology/2.0/"><nmwgt:hostName>192.100.78.89</nmwgt:hostName><nmwgt:ifName>Slot 7, Port 3</nmwgt:ifName><nmwgt:ifDescription>10GbLR Port 7/3 Name CERN OPN Link 1</nmwgt:ifDescription><nmwgt:ifAddress type="ipv4">192.16.166.66</nmwgt:ifAddress><nmwgt:ifIndex>450</nmwgt:ifIndex><nmwgt:direction>in</nmwgt:direction><nmwgt:capacity>10000000000</nmwgt:capacity></nmwgt:interface></errors:subject><nmwg:parameters id="perfsonar-pri.gridpp.rl.ac.uk.-14377c34:13de8372c1c:-1648"><nmwg:parameter name="keyword">project:LHC-OPN</nmwg:parameter></nmwg:parameters><nmwg:eventType>http://ggf.org/ns/nmwg/characteristic/errors/2.0</nmwg:eventType></nmwg:metadata><nmwg:data id="resultDescriptionData_for_resultCodeMetadata_1" metadataIdRef="resultCodeMetadata_1"><nmwgr:datum xmlns:nmwgr="http://ggf.org/ns/nmwg/result/2.0/">MetadataConfigurationStorageManager.fetch: No metadata in the metadata configuration</nmwgr:datum></nmwg:data><nmwg:data id="perfsonar-pri.gridpp.rl.ac.uk.-14377c34:13de8372c1c:-1638_0" metadataIdRef="meta8_0"><errors:datum timeType="unix" timeValue="1365422400" value="NaN" valueUnits="Eps" xmlns:errors="http://ggf.org/ns/nmwg/characteristic/errors/2.0/"/><errors:datum timeType="unix" timeValue="1365422700" value="NaN" valueUnits="Eps" xmlns:errors="http://ggf.org/ns/nmwg/characteristic/errors/2.0/"/><nmwg:parameters id="perfsonar-pri.gridpp.rl.ac.uk.-14377c34:13de8372c1c:-1639"><nmwg:parameter name="dataSourceMinValue" value="0"/><nmwg:parameter name="dataSourceHeartbeat" value="600"/><nmwg:parameter name="dataSourceStep" value="300"/><nmwg:parameter name="dataSourceMaxValue" value="10000000"/><nmwg:parameter name="dataSourceType" value="COUNTER"/></nmwg:parameters></nmwg:data><nmwg:data id="perfsonar-pri.gridpp.rl.ac.uk.-14377c34:13de8372c1c:-161d_3" metadataIdRef="meta6_3"><errors:datum timeType="unix" timeValue="1365422400" value="NaN" valueUnits="Eps" xmlns:errors="http://ggf.org/ns/nmwg/characteristic/errors/2.0/"/><errors:datum timeType="unix" timeValue="1365422700" value="NaN" valueUnits="Eps" xmlns:errors="http://ggf.org/ns/nmwg/characteristic/errors/2.0/"/><nmwg:parameters id="perfsonar-pri.gridpp.rl.ac.uk.-14377c34:13de8372c1c:-161e"><nmwg:parameter name="dataSourceMinValue" value="0"/><nmwg:parameter name="dataSourceHeartbeat" value="600"/><nmwg:parameter name="dataSourceStep" value="300"/><nmwg:parameter name="dataSourceMaxValue" value="10000000"/><nmwg:parameter name="dataSourceType" value="COUNTER"/></nmwg:parameters></nmwg:data><nmwg:data id="resultDescriptionData_for_resultCodeMetadata_2" metadataIdRef="resultCodeMetadata_2"><nmwgr:datum xmlns:nmwgr="http://ggf.org/ns/nmwg/result/2.0/">MetadataConfigurationStorageManager.fetch: No metadata in the metadata configuration</nmwgr:datum></nmwg:data></nmwg:message></soapenv:Body></soapenv:Envelope>'
----------------------------------------------------------
http request/response log (time=1365422785)

----------------------------------------------------------

request 1 method: POST
request 1 uri: http://130.246.152.241:8080/geant2-java-rrd-ma/services/MeasurementArchiveService
request 1 head: 'user-agent : SOAP::Lite/Perl/0.68
soapaction : 
content-type : text/xml; charset=utf-8
accept : text/xml multipart/* application/soap
content-length : 5344
'
request 1 ontent: '<?xml version="1.0" encoding="UTF-8"?>
<soap:Envelope 
    xmlns:xsi="http://www.w3.org/2001/XMLSchema-instance" 
    xmlns:soapenc="http://schemas.xmlsoap.org/soap/encoding/" 
    xmlns:xsd="http://www.w3.org/2001/XMLSchema" 
    soap:encodingStyle="http://schemas.xmlsoap.org/soap/encoding/" 
    xmlns:soap="http://schemas.xmlsoap.org/soap/envelope/">
  <soap:Body>
    <nmwg:message xmlns:nmwg="http://ggf.org/ns/nmwg/base/2.0/" xmlns:nmwgt="http://ggf.org/ns/nmwg/topology/2.0/" xmlns:snmp="http://ggf.org/ns/nmwg/characteristic/snmp/2.0/" xmlns:discards="http://ggf.org/ns/nmwg/characteristic/discards/2.0/" xmlns:errors="http://ggf.org/ns/nmwg/characteristic/errors/2.0/" type="SetupDataRequest" xmlns:netutil="http://ggf.org/ns/nmwg/characteristic/utilization/2.0/" xmlns:select="http://ggf.org/ns/nmwg/ops/select/2.0/">
      <nmwg:metadata id="metadata1">
        <discards:subject id="subject1">
          <nmwgt:interface>
            <nmwgt:ifName>Slot 7, Port 3</nmwgt:ifName>

            <nmwgt:ifAddress type="ipv4">192.16.166.66</nmwgt:ifAddress>

            <nmwgt:direction>in</nmwgt:direction>
          </nmwgt:interface>
        </discards:subject>

        <nmwg:eventType>http://ggf.org/ns/nmwg/characteristic/discards/2.0</nmwg:eventType>
      </nmwg:metadata>

      <nmwg:metadata id="metadata1-2">
        <select:subject metadataIdRef="metadata1" id="subject1-2" />
        
        <nmwg:eventType>http://ggf.org/ns/nmwg/ops/select/2.0</nmwg:eventType>

        <select:parameters id="param1-2">
          <nmwg:parameter name="startTime">1365422100</nmwg:parameter>

          <nmwg:parameter name="endTime">1365422400</nmwg:parameter>

          <nmwg:parameter value="AVERAGE" name="consolidationFunction" />
          
          <nmwg:parameter value="300" name="resolution" />
                  </select:parameters>
      </nmwg:metadata>

      <nmwg:data metadataIdRef="metadata1-2" id="data1" />
      
      <nmwg:metadata id="metadata2">
        <discards:subject id="subject2">
          <nmwgt:interface>
            <nmwgt:ifName>Slot 7, Port 3</nmwgt:ifName>

            <nmwgt:ifAddress type="ipv4">192.16.166.66</nmwgt:ifAddress>

            <nmwgt:direction>out</nmwgt:direction>
          </nmwgt:interface>
        </discards:subject>

        <nmwg:eventType>http://ggf.org/ns/nmwg/characteristic/discards/2.0</nmwg:eventType>
      </nmwg:metadata>

      <nmwg:metadata id="metadata2-2">
        <select:subject metadataIdRef="metadata2" id="subject2-2" />
        
        <nmwg:eventType>http://ggf.org/ns/nmwg/ops/select/2.0</nmwg:eventType>

        <select:parameters id="param2-2">
          <nmwg:parameter name="startTime">1365422100</nmwg:parameter>

          <nmwg:parameter name="endTime">1365422400</nmwg:parameter>

          <nmwg:parameter value="AVERAGE" name="consolidationFunction" />
          
          <nmwg:parameter value="300" name="resolution" />
                  </select:parameters>
      </nmwg:metadata>

      <nmwg:data metadataIdRef="metadata2-2" id="data2" />
      
      <nmwg:metadata id="metadata3">
        <discards:subject id="subject3">
          <nmwgt:interface>
            <nmwgt:ifName>Slot 3, Port 3</nmwgt:ifName>

            <nmwgt:ifAddress type="ipv4">192.16.166.142</nmwgt:ifAddress>

            <nmwgt:direction>in</nmwgt:direction>
          </nmwgt:interface>
        </discards:subject>

        <nmwg:eventType>http://ggf.org/ns/nmwg/characteristic/discards/2.0</nmwg:eventType>
      </nmwg:metadata>

      <nmwg:metadata id="metadata3-2">
        <select:subject metadataIdRef="metadata3" id="subject3-2" />
        
        <nmwg:eventType>http://ggf.org/ns/nmwg/ops/select/2.0</nmwg:eventType>

        <select:parameters id="param3-2">
          <nmwg:parameter name="startTime">1365422100</nmwg:parameter>

          <nmwg:parameter name="endTime">1365422400</nmwg:parameter>

          <nmwg:parameter value="AVERAGE" name="consolidationFunction" />
          
          <nmwg:parameter value="300" name="resolution" />
                  </select:parameters>
      </nmwg:metadata>

      <nmwg:data metadataIdRef="metadata3-2" id="data3" />
      
      <nmwg:metadata id="metadata4">
        <discards:subject id="subject4">
          <nmwgt:interface>
            <nmwgt:ifName>Slot 3, Port 3</nmwgt:ifName>

            <nmwgt:ifAddress type="ipv4">192.16.166.142</nmwgt:ifAddress>

            <nmwgt:direction>out</nmwgt:direction>
          </nmwgt:interface>
        </discards:subject>

        <nmwg:eventType>http://ggf.org/ns/nmwg/characteristic/discards/2.0</nmwg:eventType>
      </nmwg:metadata>

      <nmwg:metadata id="metadata4-2">
        <select:subject metadataIdRef="metadata4" id="subject4-2" />
        
        <nmwg:eventType>http://ggf.org/ns/nmwg/ops/select/2.0</nmwg:eventType>

        <select:parameters id="param4-2">
          <nmwg:parameter name="startTime">1365422100</nmwg:parameter>

          <nmwg:parameter name="endTime">1365422400</nmwg:parameter>

          <nmwg:parameter value="AVERAGE" name="consolidationFunction" />
          
          <nmwg:parameter value="300" name="resolution" />
                  </select:parameters>
      </nmwg:metadata>

      <nmwg:data metadataIdRef="metadata4-2" id="data4" />
          </nmwg:message>
  </soap:Body>
</soap:Envelope>
'

response 1 code: 200
response 1 msg: 'OK'
response 1 header: 'client-date : Mon, 08 Apr 2013 12:06:25 GMT
connection : close
content-type : text/xml;charset=utf-8
client-response-num : 1
date : Mon, 08 Apr 2013 12:06:25 GMT
client-peer : 130.246.152.241:8080
server : Apache-Coyote/1.1
'
response 1 content: '<?xml version="1.0" encoding="utf-8"?><soapenv:Envelope xmlns:soapenv="http://schemas.xmlsoap.org/soap/envelope/" xmlns:xsd="http://www.w3.org/2001/XMLSchema" xmlns:xsi="http://www.w3.org/2001/XMLSchema-instance"><soapenv:Body><nmwg:message id="perfsonar-pri.gridpp.rl.ac.uk.-14377c34:13de8372c1c:-161c_resp" messageIdRef="perfsonar-pri.gridpp.rl.ac.uk.-14377c34:13de8372c1c:-161c" type="SetupDataResponse" xmlns:nmwg="http://ggf.org/ns/nmwg/base/2.0/"><nmwg:metadata id="resultCodeMetadata_3"><nmwg:eventType>warning.ma.metadata_configuration</nmwg:eventType></nmwg:metadata><nmwg:metadata id="meta11_2"><discards:subject id="subj11" xmlns:discards="http://ggf.org/ns/nmwg/characteristic/discards/2.0/"><nmwgt:interface xmlns:nmwgt="http://ggf.org/ns/nmwg/topology/2.0/"><nmwgt:hostName>192.100.78.89</nmwgt:hostName><nmwgt:ifName>Slot 7, Port 3</nmwgt:ifName><nmwgt:ifDescription>10GbLR Port 7/3 Name CERN OPN Link 1</nmwgt:ifDescription><nmwgt:ifAddress type="ipv4">192.16.166.66</nmwgt:ifAddress><nmwgt:ifIndex>450</nmwgt:ifIndex><nmwgt:direction>out</nmwgt:direction><nmwgt:capacity>10000000000</nmwgt:capacity></nmwgt:interface></discards:subject><nmwg:parameters id="perfsonar-pri.gridpp.rl.ac.uk.-14377c34:13de8372c1c:-15ce"><nmwg:parameter name="keyword">project:LHC-OPN</nmwg:parameter></nmwg:parameters><nmwg:eventType>http://ggf.org/ns/nmwg/characteristic/discards/2.0</nmwg:eventType></nmwg:metadata><nmwg:metadata id="meta9_1"><discards:subject id="subj9" xmlns:discards="http://ggf.org/ns/nmwg/characteristic/discards/2.0/"><nmwgt:interface xmlns:nmwgt="http://ggf.org/ns/nmwg/topology/2.0/"><nmwgt:hostName>192.100.78.89</nmwgt:hostName><nmwgt:ifName>Slot 3, Port 3</nmwgt:ifName><nmwgt:ifDescription>Port 3/3 Name CERN OPN Link 2</nmwgt:ifDescription><nmwgt:ifAddress type="ipv4">192.16.166.142</nmwgt:ifAddress><nmwgt:ifIndex>194</nmwgt:ifIndex><nmwgt:direction>out</nmwgt:direction><nmwgt:capacity>10000000000</nmwgt:capacity></nmwgt:interface></discards:subject><nmwg:parameters id="perfsonar-pri.gridpp.rl.ac.uk.-14377c34:13de8372c1c:-15e9"><nmwg:parameter name="keyword">project:LHC-OPN</nmwg:parameter></nmwg:parameters><nmwg:eventType>http://ggf.org/ns/nmwg/characteristic/discards/2.0</nmwg:eventType></nmwg:metadata><nmwg:metadata id="resultCodeMetadata_0"><nmwg:eventType>warning.ma.metadata_configuration</nmwg:eventType></nmwg:metadata><nmwg:data id="resultDescriptionData_for_resultCodeMetadata_0" metadataIdRef="resultCodeMetadata_0"><nmwgr:datum xmlns:nmwgr="http://ggf.org/ns/nmwg/result/2.0/">MetadataConfigurationStorageManager.fetch: No metadata in the metadata configuration</nmwgr:datum></nmwg:data><nmwg:data id="perfsonar-pri.gridpp.rl.ac.uk.-14377c34:13de8372c1c:-15be_2" metadataIdRef="meta11_2"><discards:datum timeType="unix" timeValue="1365422400" value="NaN" valueUnits="Dps" xmlns:discards="http://ggf.org/ns/nmwg/characteristic/discards/2.0/"/><discards:datum timeType="unix" timeValue="1365422700" value="NaN" valueUnits="Dps" xmlns:discards="http://ggf.org/ns/nmwg/characteristic/discards/2.0/"/><nmwg:parameters id="perfsonar-pri.gridpp.rl.ac.uk.-14377c34:13de8372c1c:-15bf"><nmwg:parameter name="dataSourceMinValue" value="0"/><nmwg:parameter name="dataSourceHeartbeat" value="600"/><nmwg:parameter name="dataSourceStep" value="300"/><nmwg:parameter name="dataSourceMaxValue" value="10000000"/><nmwg:parameter name="dataSourceType" value="COUNTER"/></nmwg:parameters></nmwg:data><nmwg:data id="perfsonar-pri.gridpp.rl.ac.uk.-14377c34:13de8372c1c:-15d9_1" metadataIdRef="meta9_1"><discards:datum timeType="unix" timeValue="1365422400" value="NaN" valueUnits="Dps" xmlns:discards="http://ggf.org/ns/nmwg/characteristic/discards/2.0/"/><discards:datum timeType="unix" timeValue="1365422700" value="NaN" valueUnits="Dps" xmlns:discards="http://ggf.org/ns/nmwg/characteristic/discards/2.0/"/><nmwg:parameters id="perfsonar-pri.gridpp.rl.ac.uk.-14377c34:13de8372c1c:-15da"><nmwg:parameter name="dataSourceMinValue" value="0"/><nmwg:parameter name="dataSourceHeartbeat" value="600"/><nmwg:parameter name="dataSourceStep" value="300"/><nmwg:parameter name="dataSourceMaxValue" value="10000000"/><nmwg:parameter name="dataSourceType" value="COUNTER"/></nmwg:parameters></nmwg:data><nmwg:data id="resultDescriptionData_for_resultCodeMetadata_3" metadataIdRef="resultCodeMetadata_3"><nmwgr:datum xmlns:nmwgr="http://ggf.org/ns/nmwg/result/2.0/">MetadataConfigurationStorageManager.fetch: No metadata in the metadata configuration</nmwgr:datum></nmwg:data></nmwg:message></soapenv:Body></soapenv:Envelope>'
----------------------------------------------------------
http request/response log (time=1365422785)

----------------------------------------------------------

request 1 method: POST
request 1 uri: http://130.246.152.241:8080/geant2-java-rrd-ma/services/MeasurementArchiveService
request 1 head: 'user-agent : SOAP::Lite/Perl/0.68
soapaction : 
content-type : text/xml; charset=utf-8
accept : text/xml multipart/* application/soap
content-length : 5423
'
request 1 ontent: '<?xml version="1.0" encoding="UTF-8"?>
<soap:Envelope 
    xmlns:xsi="http://www.w3.org/2001/XMLSchema-instance" 
    xmlns:soapenc="http://schemas.xmlsoap.org/soap/encoding/" 
    xmlns:xsd="http://www.w3.org/2001/XMLSchema" 
    soap:encodingStyle="http://schemas.xmlsoap.org/soap/encoding/" 
    xmlns:soap="http://schemas.xmlsoap.org/soap/envelope/">
  <soap:Body>
    <nmwg:message xmlns:nmwg="http://ggf.org/ns/nmwg/base/2.0/" xmlns:nmwgt="http://ggf.org/ns/nmwg/topology/2.0/" xmlns:snmp="http://ggf.org/ns/nmwg/characteristic/snmp/2.0/" xmlns:discards="http://ggf.org/ns/nmwg/characteristic/discards/2.0/" xmlns:utilization="http://ggf.org/ns/nmwg/characteristic/utilization/2.0/" xmlns:errors="http://ggf.org/ns/nmwg/characteristic/errors/2.0/" type="SetupDataRequest" xmlns:netutil="http://ggf.org/ns/nmwg/characteristic/utilization/2.0/" xmlns:select="http://ggf.org/ns/nmwg/ops/select/2.0/">
      <nmwg:metadata id="metadata1">
        <netutil:subject id="subject1">
          <nmwgt:interface>
            <nmwgt:ifName>Slot 7, Port 3</nmwgt:ifName>

            <nmwgt:ifAddress type="ipv4">192.16.166.66</nmwgt:ifAddress>

            <nmwgt:direction>in</nmwgt:direction>
          </nmwgt:interface>
        </netutil:subject>

        <nmwg:eventType>http://ggf.org/ns/nmwg/characteristic/utilization/2.0</nmwg:eventType>
      </nmwg:metadata>

      <nmwg:metadata id="metadata1-2">
        <select:subject metadataIdRef="metadata1" id="subject1-2" />
        
        <nmwg:eventType>http://ggf.org/ns/nmwg/ops/select/2.0</nmwg:eventType>

        <select:parameters id="param1-2">
          <nmwg:parameter name="startTime">1365422100</nmwg:parameter>

          <nmwg:parameter name="endTime">1365422400</nmwg:parameter>

          <nmwg:parameter value="AVERAGE" name="consolidationFunction" />
          
          <nmwg:parameter value="300" name="resolution" />
                  </select:parameters>
      </nmwg:metadata>

      <nmwg:data metadataIdRef="metadata1-2" id="data1" />
      
      <nmwg:metadata id="metadata2">
        <netutil:subject id="subject2">
          <nmwgt:interface>
            <nmwgt:ifName>Slot 7, Port 3</nmwgt:ifName>

            <nmwgt:ifAddress type="ipv4">192.16.166.66</nmwgt:ifAddress>

            <nmwgt:direction>out</nmwgt:direction>
          </nmwgt:interface>
        </netutil:subject>

        <nmwg:eventType>http://ggf.org/ns/nmwg/characteristic/utilization/2.0</nmwg:eventType>
      </nmwg:metadata>

      <nmwg:metadata id="metadata2-2">
        <select:subject metadataIdRef="metadata2" id="subject2-2" />
        
        <nmwg:eventType>http://ggf.org/ns/nmwg/ops/select/2.0</nmwg:eventType>

        <select:parameters id="param2-2">
          <nmwg:parameter name="startTime">1365422100</nmwg:parameter>

          <nmwg:parameter name="endTime">1365422400</nmwg:parameter>

          <nmwg:parameter value="AVERAGE" name="consolidationFunction" />
          
          <nmwg:parameter value="300" name="resolution" />
                  </select:parameters>
      </nmwg:metadata>

      <nmwg:data metadataIdRef="metadata2-2" id="data2" />
      
      <nmwg:metadata id="metadata3">
        <netutil:subject id="subject3">
          <nmwgt:interface>
            <nmwgt:ifName>Slot 3, Port 3</nmwgt:ifName>

            <nmwgt:ifAddress type="ipv4">192.16.166.142</nmwgt:ifAddress>

            <nmwgt:direction>in</nmwgt:direction>
          </nmwgt:interface>
        </netutil:subject>

        <nmwg:eventType>http://ggf.org/ns/nmwg/characteristic/utilization/2.0</nmwg:eventType>
      </nmwg:metadata>

      <nmwg:metadata id="metadata3-2">
        <select:subject metadataIdRef="metadata3" id="subject3-2" />
        
        <nmwg:eventType>http://ggf.org/ns/nmwg/ops/select/2.0</nmwg:eventType>

        <select:parameters id="param3-2">
          <nmwg:parameter name="startTime">1365422100</nmwg:parameter>

          <nmwg:parameter name="endTime">1365422400</nmwg:parameter>

          <nmwg:parameter value="AVERAGE" name="consolidationFunction" />
          
          <nmwg:parameter value="300" name="resolution" />
                  </select:parameters>
      </nmwg:metadata>

      <nmwg:data metadataIdRef="metadata3-2" id="data3" />
      
      <nmwg:metadata id="metadata4">
        <netutil:subject id="subject4">
          <nmwgt:interface>
            <nmwgt:ifName>Slot 3, Port 3</nmwgt:ifName>

            <nmwgt:ifAddress type="ipv4">192.16.166.142</nmwgt:ifAddress>

            <nmwgt:direction>out</nmwgt:direction>
          </nmwgt:interface>
        </netutil:subject>

        <nmwg:eventType>http://ggf.org/ns/nmwg/characteristic/utilization/2.0</nmwg:eventType>
      </nmwg:metadata>

      <nmwg:metadata id="metadata4-2">
        <select:subject metadataIdRef="metadata4" id="subject4-2" />
        
        <nmwg:eventType>http://ggf.org/ns/nmwg/ops/select/2.0</nmwg:eventType>

        <select:parameters id="param4-2">
          <nmwg:parameter name="startTime">1365422100</nmwg:parameter>

          <nmwg:parameter name="endTime">1365422400</nmwg:parameter>

          <nmwg:parameter value="AVERAGE" name="consolidationFunction" />
          
          <nmwg:parameter value="300" name="resolution" />
                  </select:parameters>
      </nmwg:metadata>

      <nmwg:data metadataIdRef="metadata4-2" id="data4" />
          </nmwg:message>
  </soap:Body>
</soap:Envelope>
'

response 1 code: 200
response 1 msg: 'OK'
response 1 header: 'client-date : Mon, 08 Apr 2013 12:06:25 GMT
connection : close
content-type : text/xml;charset=utf-8
client-response-num : 1
date : Mon, 08 Apr 2013 12:06:25 GMT
client-peer : 130.246.152.241:8080
server : Apache-Coyote/1.1
'
response 1 content: '<?xml version="1.0" encoding="utf-8"?><soapenv:Envelope xmlns:soapenv="http://schemas.xmlsoap.org/soap/envelope/" xmlns:xsd="http://www.w3.org/2001/XMLSchema" xmlns:xsi="http://www.w3.org/2001/XMLSchema-instance"><soapenv:Body><nmwg:message id="perfsonar-pri.gridpp.rl.ac.uk.-14377c34:13de8372c1c:-15bd_resp" messageIdRef="perfsonar-pri.gridpp.rl.ac.uk.-14377c34:13de8372c1c:-15bd" type="SetupDataResponse" xmlns:nmwg="http://ggf.org/ns/nmwg/base/2.0/"><nmwg:metadata id="meta1_1"><netutil:subject id="subj1" xmlns:netutil="http://ggf.org/ns/nmwg/characteristic/utilization/2.0/"><nmwgt:interface xmlns:nmwgt="http://ggf.org/ns/nmwg/topology/2.0/"><nmwgt:hostName>192.100.78.89</nmwgt:hostName><nmwgt:ifName>Slot 3, Port 3</nmwgt:ifName><nmwgt:ifDescription>Port 3/3 Name CERN OPN Link 2</nmwgt:ifDescription><nmwgt:ifAddress type="ipv4">192.16.166.142</nmwgt:ifAddress><nmwgt:ifIndex>194</nmwgt:ifIndex><nmwgt:direction>out</nmwgt:direction><nmwgt:capacity>10000000000</nmwgt:capacity></nmwgt:interface></netutil:subject><nmwg:parameters id="perfsonar-pri.gridpp.rl.ac.uk.-14377c34:13de8372c1c:-156f"><nmwg:parameter name="keyword">project:LHC-OPN</nmwg:parameter></nmwg:parameters><nmwg:eventType>http://ggf.org/ns/nmwg/characteristic/utilization/2.0</nmwg:eventType></nmwg:metadata><nmwg:metadata id="meta5_2"><netutil:subject id="subj5" xmlns:netutil="http://ggf.org/ns/nmwg/characteristic/utilization/2.0/"><nmwgt:interface xmlns:nmwgt="http://ggf.org/ns/nmwg/topology/2.0/"><nmwgt:hostName>192.100.78.89</nmwgt:hostName><nmwgt:ifName>Slot 7, Port 3</nmwgt:ifName><nmwgt:ifDescription>10GbLR Port 7/3 Name CERN OPN Link 1</nmwgt:ifDescription><nmwgt:ifAddress type="ipv4">192.16.166.66</nmwgt:ifAddress><nmwgt:ifIndex>450</nmwgt:ifIndex><nmwgt:direction>out</nmwgt:direction><nmwgt:capacity>10000000000</nmwgt:capacity></nmwgt:interface></netutil:subject><nmwg:parameters id="perfsonar-pri.gridpp.rl.ac.uk.-14377c34:13de8372c1c:-1554"><nmwg:parameter name="keyword">project:LHC-OPN</nmwg:parameter></nmwg:parameters><nmwg:eventType>http://ggf.org/ns/nmwg/characteristic/utilization/2.0</nmwg:eventType></nmwg:metadata><nmwg:metadata id="meta0_3"><netutil:subject id="subj0" xmlns:netutil="http://ggf.org/ns/nmwg/characteristic/utilization/2.0/"><nmwgt:interface xmlns:nmwgt="http://ggf.org/ns/nmwg/topology/2.0/"><nmwgt:hostName>192.100.78.89</nmwgt:hostName><nmwgt:ifName>Slot 3, Port 3</nmwgt:ifName><nmwgt:ifDescription>Port 3/3 Name CERN OPN Link 2</nmwgt:ifDescription><nmwgt:ifAddress type="ipv4">192.16.166.142</nmwgt:ifAddress><nmwgt:ifIndex>194</nmwgt:ifIndex><nmwgt:direction>in</nmwgt:direction><nmwgt:capacity>10000000000</nmwgt:capacity></nmwgt:interface></netutil:subject><nmwg:parameters id="perfsonar-pri.gridpp.rl.ac.uk.-14377c34:13de8372c1c:-1539"><nmwg:parameter name="keyword">project:LHC-OPN</nmwg:parameter></nmwg:parameters><nmwg:eventType>http://ggf.org/ns/nmwg/characteristic/utilization/2.0</nmwg:eventType></nmwg:metadata><nmwg:metadata id="meta4_0"><netutil:subject id="subj4" xmlns:netutil="http://ggf.org/ns/nmwg/characteristic/utilization/2.0/"><nmwgt:interface xmlns:nmwgt="http://ggf.org/ns/nmwg/topology/2.0/"><nmwgt:hostName>192.100.78.89</nmwgt:hostName><nmwgt:ifName>Slot 7, Port 3</nmwgt:ifName><nmwgt:ifDescription>10GbLR Port 7/3 Name CERN OPN Link 1</nmwgt:ifDescription><nmwgt:ifAddress type="ipv4">192.16.166.66</nmwgt:ifAddress><nmwgt:ifIndex>450</nmwgt:ifIndex><nmwgt:direction>in</nmwgt:direction><nmwgt:capacity>10000000000</nmwgt:capacity></nmwgt:interface></netutil:subject><nmwg:parameters id="perfsonar-pri.gridpp.rl.ac.uk.-14377c34:13de8372c1c:-158a"><nmwg:parameter name="keyword">project:LHC-OPN</nmwg:parameter></nmwg:parameters><nmwg:eventType>http://ggf.org/ns/nmwg/characteristic/utilization/2.0</nmwg:eventType></nmwg:metadata><nmwg:data id="perfsonar-pri.gridpp.rl.ac.uk.-14377c34:13de8372c1c:-157a_0" metadataIdRef="meta4_0"><netutil:datum timeType="unix" timeValue="1365422400" value="NaN" valueUnits="Bps" xmlns:netutil="http://ggf.org/ns/nmwg/characteristic/utilization/2.0/"/><netutil:datum timeType="unix" timeValue="1365422700" value="NaN" valueUnits="Bps" xmlns:netutil="http://ggf.org/ns/nmwg/characteristic/utilization/2.0/"/><nmwg:parameters id="perfsonar-pri.gridpp.rl.ac.uk.-14377c34:13de8372c1c:-157b"><nmwg:parameter name="dataSourceMinValue" value="0"/><nmwg:parameter name="dataSourceHeartbeat" value="600"/><nmwg:parameter name="dataSourceStep" value="300"/><nmwg:parameter name="dataSourceMaxValue" value="10000000000"/><nmwg:parameter name="dataSourceType" value="COUNTER"/></nmwg:parameters></nmwg:data><nmwg:data id="perfsonar-pri.gridpp.rl.ac.uk.-14377c34:13de8372c1c:-1544_2" metadataIdRef="meta5_2"><netutil:datum timeType="unix" timeValue="1365422400" value="NaN" valueUnits="Bps" xmlns:netutil="http://ggf.org/ns/nmwg/characteristic/utilization/2.0/"/><netutil:datum timeType="unix" timeValue="1365422700" value="NaN" valueUnits="Bps" xmlns:netutil="http://ggf.org/ns/nmwg/characteristic/utilization/2.0/"/><nmwg:parameters id="perfsonar-pri.gridpp.rl.ac.uk.-14377c34:13de8372c1c:-1545"><nmwg:parameter name="dataSourceMinValue" value="0"/><nmwg:parameter name="dataSourceHeartbeat" value="600"/><nmwg:parameter name="dataSourceStep" value="300"/><nmwg:parameter name="dataSourceMaxValue" value="10000000000"/><nmwg:parameter name="dataSourceType" value="COUNTER"/></nmwg:parameters></nmwg:data><nmwg:data id="perfsonar-pri.gridpp.rl.ac.uk.-14377c34:13de8372c1c:-1529_3" metadataIdRef="meta0_3"><netutil:datum timeType="unix" timeValue="1365422400" value="NaN" valueUnits="Bps" xmlns:netutil="http://ggf.org/ns/nmwg/characteristic/utilization/2.0/"/><netutil:datum timeType="unix" timeValue="1365422700" value="NaN" valueUnits="Bps" xmlns:netutil="http://ggf.org/ns/nmwg/characteristic/utilization/2.0/"/><nmwg:parameters id="perfsonar-pri.gridpp.rl.ac.uk.-14377c34:13de8372c1c:-152a"><nmwg:parameter name="dataSourceMinValue" value="0"/><nmwg:parameter name="dataSourceHeartbeat" value="600"/><nmwg:parameter name="dataSourceStep" value="300"/><nmwg:parameter name="dataSourceMaxValue" value="10000000000"/><nmwg:parameter name="dataSourceType" value="COUNTER"/></nmwg:parameters></nmwg:data><nmwg:data id="perfsonar-pri.gridpp.rl.ac.uk.-14377c34:13de8372c1c:-155f_1" metadataIdRef="meta1_1"><netutil:datum timeType="unix" timeValue="1365422400" value="NaN" valueUnits="Bps" xmlns:netutil="http://ggf.org/ns/nmwg/characteristic/utilization/2.0/"/><netutil:datum timeType="unix" timeValue="1365422700" value="NaN" valueUnits="Bps" xmlns:netutil="http://ggf.org/ns/nmwg/characteristic/utilization/2.0/"/><nmwg:parameters id="perfsonar-pri.gridpp.rl.ac.uk.-14377c34:13de8372c1c:-1560"><nmwg:parameter name="dataSourceMinValue" value="0"/><nmwg:parameter name="dataSourceHeartbeat" value="600"/><nmwg:parameter name="dataSourceStep" value="300"/><nmwg:parameter name="dataSourceMaxValue" value="10000000000"/><nmwg:parameter name="dataSourceType" value="COUNTER"/></nmwg:parameters></nmwg:data></nmwg:message></soapenv:Body></soapenv:Envelope>'
----------------------------------------------------------
