http request/response log (time=1365420101)

http request/response log (time=1365420101)

----------------------------------------------------------

request 1 method: POST
request 1 uri: http://lhcopnmon1-mgm.fnal.gov:8091/perfSONAR_PS/services/snmpMA
request 1 head: 'user-agent : SOAP::Lite/Perl/0.68
soapaction : 
content-type : text/xml; charset=utf-8
accept : text/xml multipart/* application/soap
content-length : 12184
'
request 1 ontent: '<?xml version="1.0" encoding="UTF-8"?>
<soap:Envelope 
    xmlns:xsi="http://www.w3.org/2001/XMLSchema-instance" 
    xmlns:soapenc="http://schemas.xmlsoap.org/soap/encoding/" 
    xmlns:xsd="http://www.w3.org/2001/XMLSchema" 
    soap:encodingStyle="http://schemas.xmlsoap.org/soap/encoding/" 
    xmlns:soap="http://schemas.xmlsoap.org/soap/envelope/">
  <soap:Body>
    <nmwg:message xmlns:nmwg="http://ggf.org/ns/nmwg/base/2.0/" xmlns:nmwgt="http://ggf.org/ns/nmwg/topology/2.0/" xmlns:snmp="http://ggf.org/ns/nmwg/characteristic/snmp/2.0/" xmlns:discards="http://ggf.org/ns/nmwg/characteristic/discards/2.0/" xmlns:utilization="http://ggf.org/ns/nmwg/characteristic/utilization/2.0/" xmlns:errors="http://ggf.org/ns/nmwg/characteristic/errors/2.0/" type="SetupDataRequest" xmlns:netutil="http://ggf.org/ns/nmwg/characteristic/utilization/2.0/" xmlns:select="http://ggf.org/ns/nmwg/ops/select/2.0/">
      <nmwg:metadata id="metadata1">
        <netutil:subject id="subject1">
          <nmwgt:interface>
            <nmwgt:ifName>tengigabitethernet1_1</nmwgt:ifName>

            <nmwgt:ifAddress type="ipv4">172.17.4.201</nmwgt:ifAddress>

            <nmwgt:direction>in</nmwgt:direction>
          </nmwgt:interface>
        </netutil:subject>

        <nmwg:eventType>http://ggf.org/ns/nmwg/characteristic/utilization/2.0</nmwg:eventType>
      </nmwg:metadata>

      <nmwg:metadata id="metadata1-2">
        <select:subject metadataIdRef="metadata1" id="subject1-2" />
        
        <nmwg:eventType>http://ggf.org/ns/nmwg/ops/select/2.0</nmwg:eventType>

        <select:parameters id="param1-2">
          <nmwg:parameter name="startTime">1365419400</nmwg:parameter>

          <nmwg:parameter name="endTime">1365419700</nmwg:parameter>

          <nmwg:parameter value="AVERAGE" name="consolidationFunction" />
          
          <nmwg:parameter value="300" name="resolution" />
                  </select:parameters>
      </nmwg:metadata>

      <nmwg:data metadataIdRef="metadata1-2" id="data1" />
      
      <nmwg:metadata id="metadata2">
        <netutil:subject id="subject2">
          <nmwgt:interface>
            <nmwgt:ifName>tengigabitethernet1_1</nmwgt:ifName>

            <nmwgt:ifAddress type="ipv4">172.17.4.201</nmwgt:ifAddress>

            <nmwgt:direction>out</nmwgt:direction>
          </nmwgt:interface>
        </netutil:subject>

        <nmwg:eventType>http://ggf.org/ns/nmwg/characteristic/utilization/2.0</nmwg:eventType>
      </nmwg:metadata>

      <nmwg:metadata id="metadata2-2">
        <select:subject metadataIdRef="metadata2" id="subject2-2" />
        
        <nmwg:eventType>http://ggf.org/ns/nmwg/ops/select/2.0</nmwg:eventType>

        <select:parameters id="param2-2">
          <nmwg:parameter name="startTime">1365419400</nmwg:parameter>

          <nmwg:parameter name="endTime">1365419700</nmwg:parameter>

          <nmwg:parameter value="AVERAGE" name="consolidationFunction" />
          
          <nmwg:parameter value="300" name="resolution" />
                  </select:parameters>
      </nmwg:metadata>

      <nmwg:data metadataIdRef="metadata2-2" id="data2" />
      
      <nmwg:metadata id="metadata1">
        <netutil:subject id="subject1">
          <nmwgt:interface>
            <nmwgt:ifName>tengigabitethernet3_4</nmwgt:ifName>

            <nmwgt:ifAddress type="ipv4">172.17.4.201</nmwgt:ifAddress>

            <nmwgt:direction>in</nmwgt:direction>
          </nmwgt:interface>
        </netutil:subject>

        <nmwg:eventType>http://ggf.org/ns/nmwg/characteristic/utilization/2.0</nmwg:eventType>
      </nmwg:metadata>

      <nmwg:metadata id="metadata1-2">
        <select:subject metadataIdRef="metadata1" id="subject1-2" />
        
        <nmwg:eventType>http://ggf.org/ns/nmwg/ops/select/2.0</nmwg:eventType>

        <select:parameters id="param1-2">
          <nmwg:parameter name="startTime">1365419400</nmwg:parameter>

          <nmwg:parameter name="endTime">1365419700</nmwg:parameter>

          <nmwg:parameter value="AVERAGE" name="consolidationFunction" />
          
          <nmwg:parameter value="300" name="resolution" />
                  </select:parameters>
      </nmwg:metadata>

      <nmwg:data metadataIdRef="metadata1-2" id="data1" />
      
      <nmwg:metadata id="metadata2">
        <netutil:subject id="subject2">
          <nmwgt:interface>
            <nmwgt:ifName>tengigabitethernet3_4</nmwgt:ifName>

            <nmwgt:ifAddress type="ipv4">172.17.4.201</nmwgt:ifAddress>

            <nmwgt:direction>out</nmwgt:direction>
          </nmwgt:interface>
        </netutil:subject>

        <nmwg:eventType>http://ggf.org/ns/nmwg/characteristic/utilization/2.0</nmwg:eventType>
      </nmwg:metadata>

      <nmwg:metadata id="metadata2-2">
        <select:subject metadataIdRef="metadata2" id="subject2-2" />
        
        <nmwg:eventType>http://ggf.org/ns/nmwg/ops/select/2.0</nmwg:eventType>

        <select:parameters id="param2-2">
          <nmwg:parameter name="startTime">1365419400</nmwg:parameter>

          <nmwg:parameter name="endTime">1365419700</nmwg:parameter>

          <nmwg:parameter value="AVERAGE" name="consolidationFunction" />
          
          <nmwg:parameter value="300" name="resolution" />
                  </select:parameters>
      </nmwg:metadata>

      <nmwg:data metadataIdRef="metadata2-2" id="data2" />
      
      <nmwg:metadata id="metadata3">
        <netutil:subject id="subject3">
          <nmwgt:interface>
            <nmwgt:ifName>tengigabitethernet3_2</nmwgt:ifName>

            <nmwgt:ifAddress type="ipv4">198.49.208.15</nmwgt:ifAddress>

            <nmwgt:direction>in</nmwgt:direction>
          </nmwgt:interface>
        </netutil:subject>

        <nmwg:eventType>http://ggf.org/ns/nmwg/characteristic/utilization/2.0</nmwg:eventType>
      </nmwg:metadata>

      <nmwg:metadata id="metadata3-2">
        <select:subject metadataIdRef="metadata3" id="subject3-2" />
        
        <nmwg:eventType>http://ggf.org/ns/nmwg/ops/select/2.0</nmwg:eventType>

        <select:parameters id="param3-2">
          <nmwg:parameter name="startTime">1365419400</nmwg:parameter>

          <nmwg:parameter name="endTime">1365419700</nmwg:parameter>

          <nmwg:parameter value="AVERAGE" name="consolidationFunction" />
          
          <nmwg:parameter value="300" name="resolution" />
                  </select:parameters>
      </nmwg:metadata>

      <nmwg:data metadataIdRef="metadata3-2" id="data3" />
      
      <nmwg:metadata id="metadata4">
        <netutil:subject id="subject4">
          <nmwgt:interface>
            <nmwgt:ifName>tengigabitethernet3_2</nmwgt:ifName>

            <nmwgt:ifAddress type="ipv4">198.49.208.15</nmwgt:ifAddress>

            <nmwgt:direction>out</nmwgt:direction>
          </nmwgt:interface>
        </netutil:subject>

        <nmwg:eventType>http://ggf.org/ns/nmwg/characteristic/utilization/2.0</nmwg:eventType>
      </nmwg:metadata>

      <nmwg:metadata id="metadata4-2">
        <select:subject metadataIdRef="metadata4" id="subject4-2" />
        
        <nmwg:eventType>http://ggf.org/ns/nmwg/ops/select/2.0</nmwg:eventType>

        <select:parameters id="param4-2">
          <nmwg:parameter name="startTime">1365419400</nmwg:parameter>

          <nmwg:parameter name="endTime">1365419700</nmwg:parameter>

          <nmwg:parameter value="AVERAGE" name="consolidationFunction" />
          
          <nmwg:parameter value="300" name="resolution" />
                  </select:parameters>
      </nmwg:metadata>

      <nmwg:data metadataIdRef="metadata4-2" id="data4" />
      
      <nmwg:metadata id="metadata1">
        <netutil:subject id="subject1">
          <nmwgt:interface>
            <nmwgt:ifName>tengigabitethernet2_2</nmwgt:ifName>

            <nmwgt:ifAddress type="ipv4">172.17.4.201</nmwgt:ifAddress>

            <nmwgt:direction>in</nmwgt:direction>
          </nmwgt:interface>
        </netutil:subject>

        <nmwg:eventType>http://ggf.org/ns/nmwg/characteristic/utilization/2.0</nmwg:eventType>
      </nmwg:metadata>

      <nmwg:metadata id="metadata1-2">
        <select:subject metadataIdRef="metadata1" id="subject1-2" />
        
        <nmwg:eventType>http://ggf.org/ns/nmwg/ops/select/2.0</nmwg:eventType>

        <select:parameters id="param1-2">
          <nmwg:parameter name="startTime">1365419400</nmwg:parameter>

          <nmwg:parameter name="endTime">1365419700</nmwg:parameter>

          <nmwg:parameter value="AVERAGE" name="consolidationFunction" />
          
          <nmwg:parameter value="300" name="resolution" />
                  </select:parameters>
      </nmwg:metadata>

      <nmwg:data metadataIdRef="metadata1-2" id="data1" />
      
      <nmwg:metadata id="metadata2">
        <netutil:subject id="subject2">
          <nmwgt:interface>
            <nmwgt:ifName>tengigabitethernet2_2</nmwgt:ifName>

            <nmwgt:ifAddress type="ipv4">172.17.4.201</nmwgt:ifAddress>

            <nmwgt:direction>out</nmwgt:direction>
          </nmwgt:interface>
        </netutil:subject>

        <nmwg:eventType>http://ggf.org/ns/nmwg/characteristic/utilization/2.0</nmwg:eventType>
      </nmwg:metadata>

      <nmwg:metadata id="metadata2-2">
        <select:subject metadataIdRef="metadata2" id="subject2-2" />
        
        <nmwg:eventType>http://ggf.org/ns/nmwg/ops/select/2.0</nmwg:eventType>

        <select:parameters id="param2-2">
          <nmwg:parameter name="startTime">1365419400</nmwg:parameter>

          <nmwg:parameter name="endTime">1365419700</nmwg:parameter>

          <nmwg:parameter value="AVERAGE" name="consolidationFunction" />
          
          <nmwg:parameter value="300" name="resolution" />
                  </select:parameters>
      </nmwg:metadata>

      <nmwg:data metadataIdRef="metadata2-2" id="data2" />
      
      <nmwg:metadata id="metadata3">
        <netutil:subject id="subject3">
          <nmwgt:interface>
            <nmwgt:ifName>tengigabitethernet4_1</nmwgt:ifName>

            <nmwgt:ifAddress type="ipv4">198.49.208.15</nmwgt:ifAddress>

            <nmwgt:direction>in</nmwgt:direction>
          </nmwgt:interface>
        </netutil:subject>

        <nmwg:eventType>http://ggf.org/ns/nmwg/characteristic/utilization/2.0</nmwg:eventType>
      </nmwg:metadata>

      <nmwg:metadata id="metadata3-2">
        <select:subject metadataIdRef="metadata3" id="subject3-2" />
        
        <nmwg:eventType>http://ggf.org/ns/nmwg/ops/select/2.0</nmwg:eventType>

        <select:parameters id="param3-2">
          <nmwg:parameter name="startTime">1365419400</nmwg:parameter>

          <nmwg:parameter name="endTime">1365419700</nmwg:parameter>

          <nmwg:parameter value="AVERAGE" name="consolidationFunction" />
          
          <nmwg:parameter value="300" name="resolution" />
                  </select:parameters>
      </nmwg:metadata>

      <nmwg:data metadataIdRef="metadata3-2" id="data3" />
      
      <nmwg:metadata id="metadata4">
        <netutil:subject id="subject4">
          <nmwgt:interface>
            <nmwgt:ifName>tengigabitethernet4_1</nmwgt:ifName>

            <nmwgt:ifAddress type="ipv4">198.49.208.15</nmwgt:ifAddress>

            <nmwgt:direction>out</nmwgt:direction>
          </nmwgt:interface>
        </netutil:subject>

        <nmwg:eventType>http://ggf.org/ns/nmwg/characteristic/utilization/2.0</nmwg:eventType>
      </nmwg:metadata>

      <nmwg:metadata id="metadata4-2">
        <select:subject metadataIdRef="metadata4" id="subject4-2" />
        
        <nmwg:eventType>http://ggf.org/ns/nmwg/ops/select/2.0</nmwg:eventType>

        <select:parameters id="param4-2">
          <nmwg:parameter name="startTime">1365419400</nmwg:parameter>

          <nmwg:parameter name="endTime">1365419700</nmwg:parameter>

          <nmwg:parameter value="AVERAGE" name="consolidationFunction" />
          
          <nmwg:parameter value="300" name="resolution" />
                  </select:parameters>
      </nmwg:metadata>

      <nmwg:data metadataIdRef="metadata4-2" id="data4" />
          </nmwg:message>
  </soap:Body>
</soap:Envelope>
'

response 1 code: 500
response 1 msg: 'Can't connect to lhcopnmon1-mgm.fnal.gov:8091 (Connection refused)'
response 1 header: 'client-warning : Internal response
client-date : Mon, 08 Apr 2013 11:21:41 GMT
content-type : text/plain
'
response 1 content: 'Can't connect to lhcopnmon1-mgm.fnal.gov:8091 (Connection refused)

LWP::Protocol::http::Socket: connect: Connection refused at /usr/lib/perl5/site_perl/5.10.0/LWP/Protocol/http.pm line 51.
'
----------------------------------------------------------
